#
# A fatal error has been detected by the Java Runtime Environment:
#
#  SIGSEGV (0xb) at pc=0x00000001128cb760, pid=1432, tid=0x0000000000000203
#
# JRE version: Java(TM) SE Runtime Environment (8.0_281-b09) (build 1.8.0_281-b09)
# Java VM: Java HotSpot(TM) 64-Bit Server VM (25.281-b09 mixed mode bsd-amd64 compressed oops)
# Problematic frame:
# J 700 C2 cbyyd_app.controllers.LoginRegistrationControllers.<init>()V (16 bytes) @ 0x00000001128cb760 [0x00000001128cb740+0x20]
#
# Failed to write core dump. Core dumps have been disabled. To enable core dumping, try "ulimit -c unlimited" before starting Java again
#
# If you would like to submit a bug report, please visit:
#   http://bugreport.java.com/bugreport/crash.jsp
#

---------------  T H R E A D  ---------------

Current thread (0x00007fd4d38ce800):  JavaThread "JavaFX Application Thread" [_thread_in_Java, id=515, stack(0x000000030bce7000,0x000000030c4e7000)]

siginfo: si_signo: 11 (SIGSEGV), si_code: 2 (SEGV_ACCERR), si_addr: 0x000000030bceafd8

Registers:
RAX=0x00000007967a15e0, RBX=0x000000012d5d7c20, RCX=0x000000079678c703, RDX=0x000000079678c708
RSP=0x000000030bcfefd8, RBP=0x00000007967a15b8, RSI=0x00000007967a15e0, RDI=0x00007fd4d370a690
R8 =0x0000000110f1e519, R9 =0x0000000796814ac8, R10=0x0000000000000001, R11=0x0000000796814ad8
R12=0x0000000000000000, R13=0x000000030c457000, R14=0x000000030c457068, R15=0x00007fd4d38ce800
RIP=0x00000001128cb760, EFLAGS=0x0000000000000283, ERR=0x0000000000000006
  TRAPNO=0x000000000000000e

Top of Stack: (sp=0x000000030bcfefd8)
0x000000030bcfefd8:   00000001128cb81c 00000007967a1590
0x000000030bcfefe8:   00000007967a15e0 0000000000000000
0x000000030bcfeff8:   0000000000000000 00000007967a1568
0x000000030bcff008:   00000001128cb81c 00000007967a1540
0x000000030bcff018:   00000007967a1590 0000000000000000
0x000000030bcff028:   0000000000000000 00000007967a1518
0x000000030bcff038:   00000001128cb81c 00000007967a14f0
0x000000030bcff048:   00000007967a1540 0000000000000000
0x000000030bcff058:   0000000000000000 00000007967a14c8
0x000000030bcff068:   00000001128cb81c 00000007967a14a0
0x000000030bcff078:   00000007967a14f0 0000000000000000
0x000000030bcff088:   0000000000000000 00000007967a1478
0x000000030bcff098:   00000001128cb81c 00000007967a1450
0x000000030bcff0a8:   00000007967a14a0 0000000000000000
0x000000030bcff0b8:   0000000000000000 00000007967a1428
0x000000030bcff0c8:   00000001128cb81c 00000007967a1400
0x000000030bcff0d8:   00000007967a1450 0000000000000000
0x000000030bcff0e8:   0000000000000000 00000007967a13d8
0x000000030bcff0f8:   00000001128cb81c 00000007967a13b0
0x000000030bcff108:   00000007967a1400 0000000000000000
0x000000030bcff118:   0000000000000000 00000007967a1388
0x000000030bcff128:   00000001128cb81c 00000007967a1360
0x000000030bcff138:   00000007967a13b0 0000000000000000
0x000000030bcff148:   0000000000000000 00000007967a1338
0x000000030bcff158:   00000001128cb81c 00000007967a1310
0x000000030bcff168:   00000007967a1360 0000000000000000
0x000000030bcff178:   0000000000000000 00000007967a12e8
0x000000030bcff188:   00000001128cb81c 00000007967a12c0
0x000000030bcff198:   00000007967a1310 0000000000000000
0x000000030bcff1a8:   0000000000000000 00000007967a1298
0x000000030bcff1b8:   00000001128cb81c 00000007967a1270
0x000000030bcff1c8:   00000007967a12c0 0000000000000000 

Instructions: (pc=0x00000001128cb760)
0x00000001128cb740:   44 8b 56 08 49 c1 e2 03 49 3b c2 0f 85 0f 87 d5
0x00000001128cb750:   ff 66 66 90 0f 1f 84 00 00 00 00 00 66 66 66 90
0x00000001128cb760:   89 84 24 00 c0 fe ff 55 48 83 ec 20 48 89 34 24
0x00000001128cb770:   41 ba 29 da 02 f8 49 c1 e2 03 4c 89 54 24 08 49 

Register to memory mapping:

RAX=0x00000007967a15e0 is an oop
cbyyd_app.controllers.LoginRegistrationControllers 
 - klass: 'cbyyd_app/controllers/LoginRegistrationControllers'
RBX={method} {0x000000012d5d7c20} '<init>' '()V' in 'cbyyd_app/controllers/LoginRegistrationControllers'
RCX=0x000000079678c703 is an unknown value
RDX=0x000000079678c708 is an oop
cbyyd_app.controllers.LoginRegistrationControllers 
 - klass: 'cbyyd_app/controllers/LoginRegistrationControllers'
RSP=0x000000030bcfefd8 is pointing into the stack for thread: 0x00007fd4d38ce800
RBP=0x00000007967a15b8 is an oop
cbyyd_app.controllers.LoginRegistrationControllers 
 - klass: 'cbyyd_app/controllers/LoginRegistrationControllers'
RSI=0x00000007967a15e0 is an oop
cbyyd_app.controllers.LoginRegistrationControllers 
 - klass: 'cbyyd_app/controllers/LoginRegistrationControllers'
RDI=0x00007fd4d370a690 is an unknown value
R8 =0x0000000110f1e519: UseCompressedClassPointers+0 in /Library/Java/JavaVirtualMachines/jdk1.8.0_281.jdk/Contents/Home/jre/lib/server/libjvm.dylib at 0x0000000110800000
R9 =0x0000000796814ac8 is an oop

[error occurred during error reporting (printing register info), id 0xb]

Stack: [0x000000030bce7000,0x000000030c4e7000],  sp=0x000000030bcfefd8,  free space=95k
Native frames: (J=compiled Java code, j=interpreted, Vv=VM code, C=native code)
J 700 C2 cbyyd_app.controllers.LoginRegistrationControllers.<init>()V (16 bytes) @ 0x00000001128cb760 [0x00000001128cb740+0x20]
C  0x00000007967a1568


---------------  P R O C E S S  ---------------

Java Threads: ( => current thread )
  0x00007fd4d52eb000 JavaThread "JavaFX-Launcher" [_thread_blocked, id=68723, stack(0x000000030dfe4000,0x000000030e0e4000)]
=>0x00007fd4d38ce800 JavaThread "JavaFX Application Thread" [_thread_in_Java, id=515, stack(0x000000030bce7000,0x000000030c4e7000)]
  0x00007fd4d38ce000 JavaThread "Thread-1" daemon [_thread_blocked, id=35107, stack(0x000000030dddb000,0x000000030dedb000)]
  0x00007fd4d510d800 JavaThread "QuantumRenderer-0" daemon [_thread_blocked, id=25607, stack(0x000000030dab7000,0x000000030dbb7000)]
  0x00007fd4d3841000 JavaThread "Service Thread" daemon [_thread_blocked, id=24583, stack(0x000000030d8b1000,0x000000030d9b1000)]
  0x00007fd4b4808800 JavaThread "C1 CompilerThread3" daemon [_thread_blocked, id=41475, stack(0x000000030d7ae000,0x000000030d8ae000)]
  0x00007fd4b4018800 JavaThread "C2 CompilerThread2" daemon [_thread_blocked, id=23299, stack(0x000000030d6ab000,0x000000030d7ab000)]
  0x00007fd4d60f6000 JavaThread "C2 CompilerThread1" daemon [_thread_blocked, id=41987, stack(0x000000030d5a8000,0x000000030d6a8000)]
  0x00007fd4d506e800 JavaThread "C2 CompilerThread0" daemon [_thread_blocked, id=22787, stack(0x000000030d4a5000,0x000000030d5a5000)]
  0x00007fd4d60f2000 JavaThread "Monitor Ctrl-Break" daemon [_thread_in_native, id=22343, stack(0x000000030d3a2000,0x000000030d4a2000)]
  0x00007fd4d3824800 JavaThread "Signal Dispatcher" daemon [_thread_blocked, id=43011, stack(0x000000030d29f000,0x000000030d39f000)]
  0x00007fd4d3811000 JavaThread "Finalizer" daemon [_thread_blocked, id=14111, stack(0x000000030d08c000,0x000000030d18c000)]
  0x00007fd4d480e800 JavaThread "Reference Handler" daemon [_thread_blocked, id=18979, stack(0x000000030cf89000,0x000000030d089000)]
  0x00007fd4d500a800 JavaThread "main" [_thread_blocked, id=9987, stack(0x000000030c56b000,0x000000030c66b000)]

Other Threads:
  0x00007fd4d5059800 VMThread [stack: 0x000000030ce86000,0x000000030cf86000] [id=13315]
  0x00007fd4d4830000 WatcherThread [stack: 0x000000030d9b4000,0x000000030dab4000] [id=40467]

VM state:not at safepoint (normal execution)

VM Mutex/Monitor currently owned by a thread: None

heap address: 0x0000000740000000, size: 2048 MB, Compressed Oops mode: Zero based, Oop shift amount: 3
Narrow klass base: 0x0000000000000000, Narrow klass shift: 3
Compressed class space size: 1073741824 Address: 0x00000007c0000000

Heap:
 PSYoungGen      total 38400K, used 24119K [0x0000000795580000, 0x000000079a080000, 0x00000007c0000000)
  eden space 33280K, 57% used [0x0000000795580000,0x0000000796814ad8,0x0000000797600000)
  from space 5120K, 99% used [0x0000000797600000,0x0000000797af91d8,0x0000000797b00000)
  to   space 5120K, 0% used [0x0000000799b80000,0x0000000799b80000,0x000000079a080000)
 ParOldGen       total 87552K, used 22K [0x0000000740000000, 0x0000000745580000, 0x0000000795580000)
  object space 87552K, 0% used [0x0000000740000000,0x0000000740005850,0x0000000745580000)
 Metaspace       used 12707K, capacity 13036K, committed 13184K, reserved 1060864K
  class space    used 1446K, capacity 1574K, committed 1664K, reserved 1048576K

Card table byte_map: [0x000000012199e000,0x0000000121d9f000] byte_map_base: 0x000000011df9e000

Marking Bits: (ParMarkBitMap*) 0x0000000110f28488
 Begin Bits: [0x000000012204a000, 0x000000012404a000)
 End Bits:   [0x000000012404a000, 0x000000012604a000)

Polling page: 0x000000010c565000

CodeCache: size=245760Kb used=2983Kb max_used=2995Kb free=242776Kb
 bounds [0x00000001125de000, 0x00000001128ce000, 0x00000001215de000]
 total_blobs=1139 nmethods=700 adapters=354
 compilation: enabled

Compilation events (10 events):
Event: 0.963 Thread 0x00007fd4b4808800  695       3       java.util.zip.ZipFile$ZipEntryIterator::nextElement (5 bytes)
Event: 0.963 Thread 0x00007fd4b4808800 nmethod 695 0x00000001128c4310 code [0x00000001128c4480, 0x00000001128c4608]
Event: 0.963 Thread 0x00007fd4b4808800  696   !   3       java.util.zip.ZipFile$ZipEntryIterator::next (212 bytes)
Event: 0.964 Thread 0x00007fd4b4808800 nmethod 696 0x00000001128c5050 code [0x00000001128c53c0, 0x00000001128c6d38]
Event: 0.964 Thread 0x00007fd4b4808800  697       3       java.util.zip.ZipFile::access$500 (6 bytes)
Event: 0.964 Thread 0x00007fd4b4808800 nmethod 697 0x00000001128c3f90 code [0x00000001128c4100, 0x00000001128c4268]
Event: 0.972 Thread 0x00007fd4b4808800  699       3       cbyyd_app.controllers.LoginRegistrationControllers::<init> (16 bytes)
Event: 0.973 Thread 0x00007fd4b4808800 nmethod 699 0x00000001128c8190 code [0x00000001128c8320, 0x00000001128c86c8]
Event: 0.973 Thread 0x00007fd4d506e800  700       4       cbyyd_app.controllers.LoginRegistrationControllers::<init> (16 bytes)
Event: 0.974 Thread 0x00007fd4d506e800 nmethod 700 0x00000001128cb5d0 code [0x00000001128cb740, 0x00000001128cb8e8]

GC Heap History (2 events):
Event: 0.843 GC heap before
{Heap before GC invocations=1 (full 0):
 PSYoungGen      total 38400K, used 33280K [0x0000000795580000, 0x0000000798000000, 0x00000007c0000000)
  eden space 33280K, 100% used [0x0000000795580000,0x0000000797600000,0x0000000797600000)
  from space 5120K, 0% used [0x0000000797b00000,0x0000000797b00000,0x0000000798000000)
  to   space 5120K, 0% used [0x0000000797600000,0x0000000797600000,0x0000000797b00000)
 ParOldGen       total 87552K, used 0K [0x0000000740000000, 0x0000000745580000, 0x0000000795580000)
  object space 87552K, 0% used [0x0000000740000000,0x0000000740000000,0x0000000745580000)
 Metaspace       used 10470K, capacity 10796K, committed 11136K, reserved 1058816K
  class space    used 1199K, capacity 1318K, committed 1408K, reserved 1048576K
Event: 0.853 GC heap after
Heap after GC invocations=1 (full 0):
 PSYoungGen      total 38400K, used 5092K [0x0000000795580000, 0x000000079a080000, 0x00000007c0000000)
  eden space 33280K, 0% used [0x0000000795580000,0x0000000795580000,0x0000000797600000)
  from space 5120K, 99% used [0x0000000797600000,0x0000000797af91d8,0x0000000797b00000)
  to   space 5120K, 0% used [0x0000000799b80000,0x0000000799b80000,0x000000079a080000)
 ParOldGen       total 87552K, used 22K [0x0000000740000000, 0x0000000745580000, 0x0000000795580000)
  object space 87552K, 0% used [0x0000000740000000,0x0000000740005850,0x0000000745580000)
 Metaspace       used 10470K, capacity 10796K, committed 11136K, reserved 1058816K
  class space    used 1199K, capacity 1318K, committed 1408K, reserved 1048576K
}

Deoptimization events (6 events):
Event: 0.613 Thread 0x00007fd4d38ce800 Uncommon trap: reason=unstable_if action=reinterpret pc=0x00000001127a176c method=java.lang.String.replace(CC)Ljava/lang/String; @ 2
Event: 0.626 Thread 0x00007fd4d38ce800 Uncommon trap: reason=unstable_if action=reinterpret pc=0x00000001127c25e8 method=java.lang.String.indexOf([CII[CIII)I @ 134
Event: 0.724 Thread 0x00007fd4d38ce800 Uncommon trap: reason=unstable_if action=reinterpret pc=0x0000000112824fec method=sun.misc.MetaIndex.mayContain(Ljava/lang/String;)Z @ 13
Event: 0.735 Thread 0x00007fd4d38ce800 Uncommon trap: reason=unstable_if action=reinterpret pc=0x000000011283711c method=java.lang.String.replace(CC)Ljava/lang/String; @ 26
Event: 0.932 Thread 0x00007fd4d38ce800 Uncommon trap: reason=unstable_if action=reinterpret pc=0x000000011284abc8 method=sun.misc.MetaIndex.mayContain(Ljava/lang/String;)Z @ 13
Event: 0.942 Thread 0x00007fd4d38ce800 Uncommon trap: reason=unstable_if action=reinterpret pc=0x00000001128a368c method=java.lang.CharacterDataLatin1.toUpperCase(I)I @ 12

Classes redefined (0 events):
No events

Internal exceptions (10 events):
Event: 0.872 Thread 0x00007fd4d38ce800 Exception <a 'java/lang/ArrayIndexOutOfBoundsException': 67> (0x000000079566de10) thrown at [/jenkins/workspace/8-2-build-macosx-x86_64/jdk8u281/880/hotspot/src/share/vm/interpreter/interpreterRuntime.cpp, line 371]
Event: 0.873 Thread 0x00007fd4d38ce800 Exception <a 'java/lang/ArrayIndexOutOfBoundsException'> (0x0000000795671a70) thrown at [/jenkins/workspace/8-2-build-macosx-x86_64/jdk8u281/880/hotspot/src/share/vm/runtime/sharedRuntime.cpp, line 609]
Event: 0.884 Thread 0x00007fd4d38ce800 Exception <a 'java/lang/ArrayIndexOutOfBoundsException'> (0x00000007957436e8) thrown at [/jenkins/workspace/8-2-build-macosx-x86_64/jdk8u281/880/hotspot/src/share/vm/runtime/sharedRuntime.cpp, line 609]
Event: 0.884 Thread 0x00007fd4d38ce800 Exception <a 'java/lang/ArrayIndexOutOfBoundsException'> (0x0000000795744568) thrown at [/jenkins/workspace/8-2-build-macosx-x86_64/jdk8u281/880/hotspot/src/share/vm/runtime/sharedRuntime.cpp, line 609]
Event: 0.884 Thread 0x00007fd4d38ce800 Exception <a 'java/lang/ArrayIndexOutOfBoundsException'> (0x0000000795744fe8) thrown at [/jenkins/workspace/8-2-build-macosx-x86_64/jdk8u281/880/hotspot/src/share/vm/runtime/sharedRuntime.cpp, line 609]
Event: 0.884 Thread 0x00007fd4d38ce800 Exception <a 'java/lang/ArrayIndexOutOfBoundsException'> (0x0000000795746ab0) thrown at [/jenkins/workspace/8-2-build-macosx-x86_64/jdk8u281/880/hotspot/src/share/vm/runtime/sharedRuntime.cpp, line 609]
Event: 0.884 Thread 0x00007fd4d38ce800 Exception <a 'java/lang/ArrayIndexOutOfBoundsException'> (0x00000007957478e8) thrown at [/jenkins/workspace/8-2-build-macosx-x86_64/jdk8u281/880/hotspot/src/share/vm/runtime/sharedRuntime.cpp, line 609]
Event: 0.884 Thread 0x00007fd4d38ce800 Exception <a 'java/lang/ArrayIndexOutOfBoundsException'> (0x0000000795749440) thrown at [/jenkins/workspace/8-2-build-macosx-x86_64/jdk8u281/880/hotspot/src/share/vm/runtime/sharedRuntime.cpp, line 609]
Event: 0.884 Thread 0x00007fd4d38ce800 Exception <a 'java/lang/ArrayIndexOutOfBoundsException'> (0x000000079574ab10) thrown at [/jenkins/workspace/8-2-build-macosx-x86_64/jdk8u281/880/hotspot/src/share/vm/runtime/sharedRuntime.cpp, line 609]
Event: 0.888 Thread 0x00007fd4d38ce800 Exception <a 'java/lang/ArrayIndexOutOfBoundsException'> (0x00000007957925e0) thrown at [/jenkins/workspace/8-2-build-macosx-x86_64/jdk8u281/880/hotspot/src/share/vm/runtime/sharedRuntime.cpp, line 609]

Events (10 events):
Event: 0.972 loading class java/lang/reflect/WeakCache
Event: 0.972 loading class java/lang/reflect/WeakCache done
Event: 0.972 loading class java/lang/reflect/Proxy$KeyFactory
Event: 0.972 loading class java/util/function/BiFunction
Event: 0.972 loading class java/util/function/BiFunction done
Event: 0.972 loading class java/lang/reflect/Proxy$KeyFactory done
Event: 0.972 loading class java/lang/reflect/Proxy$ProxyClassFactory
Event: 0.972 loading class java/lang/reflect/Proxy$ProxyClassFactory done
Event: 0.972 loading class cbyyd_app/exceptions/WrongUsernamePasswordException
Event: 0.972 loading class cbyyd_app/exceptions/WrongUsernamePasswordException done


Dynamic libraries:
0x00007ffdffd49000 	/Library/Apple/usr/libexec/oah/runtime
0x00007fff352a0000 	/System/Library/Frameworks/Cocoa.framework/Versions/A/Cocoa
0x00007fff22148000 	/System/Library/Frameworks/Security.framework/Versions/A/Security
0x00007fff3349d000 	/System/Library/Frameworks/ApplicationServices.framework/Versions/A/ApplicationServices
0x00007fff2a5ee000 	/usr/lib/libz.1.dylib
0x00007fff2a6ba000 	/usr/lib/libSystem.B.dylib
0x00007fff203d9000 	/System/Library/Frameworks/CoreFoundation.framework/Versions/A/CoreFoundation
0x00007fff210bb000 	/System/Library/Frameworks/Foundation.framework/Versions/C/Foundation
0x00007fff201f8000 	/usr/lib/libobjc.A.dylib
0x00007fff22b6f000 	/System/Library/Frameworks/AppKit.framework/Versions/C/AppKit
0x00007fff25a2d000 	/System/Library/Frameworks/CoreData.framework/Versions/A/CoreData
0x00007fff238d2000 	/System/Library/PrivateFrameworks/UIFoundation.framework/Versions/A/UIFoundation
0x00007fff2fe7c000 	/System/Library/PrivateFrameworks/RemoteViewServices.framework/Versions/A/RemoteViewServices
0x00007fff28c09000 	/System/Library/PrivateFrameworks/XCTTargetBootstrap.framework/Versions/A/XCTTargetBootstrap
0x00007fff2b958000 	/usr/lib/libspindump.dylib
0x00007fff23b27000 	/System/Library/Frameworks/UniformTypeIdentifiers.framework/Versions/A/UniformTypeIdentifiers
0x00007fff273df000 	/usr/lib/libapp_launch_measurement.dylib
0x00007fff273e2000 	/System/Library/PrivateFrameworks/CoreAutoLayout.framework/Versions/A/CoreAutoLayout
0x00007fff2856b000 	/System/Library/Frameworks/Metal.framework/Versions/A/Metal
0x00007fff2925f000 	/usr/lib/liblangid.dylib
0x00007fff28c0d000 	/System/Library/PrivateFrameworks/CoreSVG.framework/Versions/A/CoreSVG
0x00007fff24b0e000 	/System/Library/PrivateFrameworks/SkyLight.framework/Versions/A/SkyLight
0x00007fff24e75000 	/System/Library/Frameworks/CoreGraphics.framework/Versions/A/CoreGraphics
0x00007fff304d3000 	/System/Library/Frameworks/Accelerate.framework/Versions/A/Accelerate
0x00007fff2b393000 	/System/Library/PrivateFrameworks/IconServices.framework/Versions/A/IconServices
0x00007fff28550000 	/System/Library/Frameworks/IOSurface.framework/Versions/A/IOSurface
0x00007fff263bf000 	/usr/lib/libDiagnosticMessagesClient.dylib
0x00007fff28bf5000 	/System/Library/PrivateFrameworks/DFRFoundation.framework/Versions/A/DFRFoundation
0x00007fff2249a000 	/usr/lib/libicucore.A.dylib
0x00007fff2ce9d000 	/System/Library/Frameworks/AudioToolbox.framework/Versions/A/AudioToolbox
0x00007fff2c142000 	/System/Library/PrivateFrameworks/DataDetectorsCore.framework/Versions/A/DataDetectorsCore
0x00007fff288f5000 	/System/Library/Frameworks/Carbon.framework/Versions/A/Frameworks/HIToolbox.framework/Versions/A/HIToolbox
0x00007fff26e3a000 	/System/Library/Frameworks/QuartzCore.framework/Versions/A/QuartzCore
0x00007fff2feb8000 	/System/Library/Frameworks/Carbon.framework/Versions/A/Frameworks/SpeechRecognition.framework/Versions/A/SpeechRecognition
0x00007fff27147000 	/System/Library/PrivateFrameworks/CoreUI.framework/Versions/A/CoreUI
0x00007fff21aa3000 	/System/Library/Frameworks/CoreAudio.framework/Versions/A/CoreAudio
0x00007fff264aa000 	/System/Library/Frameworks/DiskArbitration.framework/Versions/A/DiskArbitration
0x00007fff2bd52000 	/System/Library/PrivateFrameworks/MultitouchSupport.framework/Versions/A/MultitouchSupport
0x00007fff2c139000 	/System/Library/PrivateFrameworks/InternationalSupport.framework/Versions/A/InternationalSupport
0x00007fff24a82000 	/usr/lib/libenergytrace.dylib
0x00007fff22a68000 	/System/Library/Frameworks/IOKit.framework/Versions/A/IOKit
0x00007fff30205000 	/System/Library/Frameworks/CoreServices.framework/Versions/A/CoreServices
0x00007fff27375000 	/System/Library/PrivateFrameworks/PerformanceAnalysis.framework/Versions/A/PerformanceAnalysis
0x00007fff6cb7b000 	/System/Library/Frameworks/OpenGL.framework/Versions/A/OpenGL
0x00007fff2c1be000 	/System/Library/PrivateFrameworks/UserActivity.framework/Versions/A/UserActivity
0x00007fff2552f000 	/System/Library/Frameworks/ColorSync.framework/Versions/A/ColorSync
0x00007fff28e76000 	/System/Library/Frameworks/CoreImage.framework/Versions/A/CoreImage
0x00007fff218ba000 	/System/Library/Frameworks/CoreText.framework/Versions/A/CoreText
0x00007fff28c37000 	/System/Library/Frameworks/ImageIO.framework/Versions/A/ImageIO
0x00007fff2a6c0000 	/System/Library/PrivateFrameworks/SoftLinking.framework/Versions/A/SoftLinking
0x00007fff2742b000 	/usr/lib/libxml2.2.dylib
0x00007fff202be000 	/usr/lib/libc++.1.dylib
0x00007fff2a932000 	/usr/lib/libcompression.dylib
0x00007fff24a83000 	/usr/lib/libMobileGestalt.dylib
0x00007fff2c06c000 	/System/Library/PrivateFrameworks/TextureIO.framework/Versions/A/TextureIO
0x00007fff2b020000 	/usr/lib/libate.dylib
0x00007fff2a6b4000 	/usr/lib/system/libcache.dylib
0x00007fff2a670000 	/usr/lib/system/libcommonCrypto.dylib
0x00007fff2a69a000 	/usr/lib/system/libcompiler_rt.dylib
0x00007fff2a68f000 	/usr/lib/system/libcopyfile.dylib
0x00007fff200e6000 	/usr/lib/system/libcorecrypto.dylib
0x00007fff201b3000 	/usr/lib/system/libdispatch.dylib
0x00007fff20368000 	/usr/lib/system/libdyld.dylib
0x00007fff2a6ab000 	/usr/lib/system/libkeymgr.dylib
0x00007fff2dc4f000 	/usr/lib/system/liblaunch.dylib
0x00007fff2a64e000 	/usr/lib/system/libmacho.dylib
0x00007fff29e63000 	/usr/lib/system/libquarantine.dylib
0x00007fff2a6a8000 	/usr/lib/system/libremovefile.dylib
0x00007fff24adf000 	/usr/lib/system/libsystem_asl.dylib
0x00007fff20096000 	/usr/lib/system/libsystem_blocks.dylib
0x00007fff20235000 	/usr/lib/system/libsystem_c.dylib
0x00007fff2a6a2000 	/usr/lib/system/libsystem_collections.dylib
0x00007fff29250000 	/usr/lib/system/libsystem_configuration.dylib
0x00007fff2853f000 	/usr/lib/system/libsystem_containermanager.dylib
0x00007fff2a3e6000 	/usr/lib/system/libsystem_coreservices.dylib
0x00007fff226fc000 	/usr/lib/system/libsystem_darwin.dylib
0x00007fff2a6ac000 	/usr/lib/system/libsystem_dnssd.dylib
0x00007fff20232000 	/usr/lib/system/libsystem_featureflags.dylib
0x00007fff203ad000 	/usr/lib/system/libsystem_info.dylib
0x00007fff2a601000 	/usr/lib/system/libsystem_m.dylib
0x00007fff20186000 	/usr/lib/system/libsystem_malloc.dylib
0x00007fff24a73000 	/usr/lib/system/libsystem_networkextension.dylib
0x00007fff22b17000 	/usr/lib/system/libsystem_notify.dylib
0x00007fff30103000 	/usr/lib/system/libsystem_product_info_filter.dylib
0x00007fff29254000 	/usr/lib/system/libsystem_sandbox.dylib
0x00007fff2a6a5000 	/usr/lib/system/libsystem_secinit.dylib
0x00007fff2032d000 	/usr/lib/system/libsystem_kernel.dylib
0x00007fff203a3000 	/usr/lib/system/libsystem_platform.dylib
0x00007fff2035c000 	/usr/lib/system/libsystem_pthread.dylib
0x00007fff2620d000 	/usr/lib/system/libsystem_symptoms.dylib
0x00007fff200ce000 	/usr/lib/system/libsystem_trace.dylib
0x00007fff2a67c000 	/usr/lib/system/libunwind.dylib
0x00007fff20098000 	/usr/lib/system/libxpc.dylib
0x00007fff20314000 	/usr/lib/libc++abi.dylib
0x00007fff2a687000 	/usr/lib/liboah.dylib
0x00007fff2ad4b000 	/usr/lib/liblzma.5.dylib
0x00007fff20dcf000 	/System/Library/Frameworks/SystemConfiguration.framework/Versions/A/SystemConfiguration
0x00007fff2a6bc000 	/usr/lib/libfakelink.dylib
0x00007fff245d5000 	/System/Library/Frameworks/CFNetwork.framework/Versions/A/CFNetwork
0x00007fff2a7fc000 	/usr/lib/libarchive.2.dylib
0x00007fff20e4d000 	/usr/lib/libCRFSuite.dylib
0x00007fff29e8a000 	/usr/lib/libbsm.0.dylib
0x00007fff23f91000 	/usr/lib/libnetwork.dylib
0x00007fff2a6c1000 	/usr/lib/libpcap.A.dylib
0x00007fff26206000 	/usr/lib/libdns_services.dylib
0x00007fff2ad64000 	/usr/lib/libcoretls_cfhelpers.dylib
0x00007fff2a900000 	/usr/lib/libapple_nghttp2.dylib
0x00007fff2a654000 	/usr/lib/system/libkxld.dylib
0x00007fff25e74000 	/usr/lib/libsqlite3.dylib
0x00007fff2a3c8000 	/System/Library/PrivateFrameworks/AppleFSCompression.framework/Versions/A/AppleFSCompression
0x00007fff29e72000 	/usr/lib/libcoretls.dylib
0x00007fff2a92d000 	/usr/lib/libpam.2.dylib
0x00007fff2ae61000 	/usr/lib/libxar.1.dylib
0x00007fff2925b000 	/System/Library/PrivateFrameworks/AppleSystemInfo.framework/Versions/A/AppleSystemInfo
0x00007fff29ab5000 	/System/Library/PrivateFrameworks/IOMobileFramebuffer.framework/Versions/A/IOMobileFramebuffer
0x00007fff2a3d8000 	/usr/lib/libbz2.1.0.dylib
0x00007fff2a6f9000 	/usr/lib/libiconv.2.dylib
0x00007fff2a64d000 	/usr/lib/libcharset.1.dylib
0x00007fff273b1000 	/System/Library/Frameworks/CoreServices.framework/Versions/A/Frameworks/FSEvents.framework/Versions/A/FSEvents
0x00007fff22706000 	/System/Library/Frameworks/CoreServices.framework/Versions/A/Frameworks/CarbonCore.framework/Versions/A/CarbonCore
0x00007fff2640f000 	/System/Library/Frameworks/CoreServices.framework/Versions/A/Frameworks/Metadata.framework/Versions/A/Metadata
0x00007fff2a3eb000 	/System/Library/Frameworks/CoreServices.framework/Versions/A/Frameworks/OSServices.framework/Versions/A/OSServices
0x00007fff2a86e000 	/System/Library/Frameworks/CoreServices.framework/Versions/A/Frameworks/SearchKit.framework/Versions/A/SearchKit
0x00007fff26190000 	/System/Library/Frameworks/CoreServices.framework/Versions/A/Frameworks/AE.framework/Versions/A/AE
0x00007fff20875000 	/System/Library/Frameworks/CoreServices.framework/Versions/A/Frameworks/LaunchServices.framework/Versions/A/LaunchServices
0x00007fff2acfc000 	/System/Library/Frameworks/CoreServices.framework/Versions/A/Frameworks/DictionaryServices.framework/Versions/A/DictionaryServices
0x00007fff273ba000 	/System/Library/Frameworks/CoreServices.framework/Versions/A/Frameworks/SharedFileList.framework/Versions/A/SharedFileList
0x00007fff29e66000 	/usr/lib/libCheckFix.dylib
0x00007fff24af6000 	/System/Library/PrivateFrameworks/TCC.framework/Versions/A/TCC
0x00007fff29261000 	/System/Library/PrivateFrameworks/CoreNLP.framework/Versions/A/CoreNLP
0x00007fff263c2000 	/System/Library/PrivateFrameworks/MetadataUtilities.framework/Versions/A/MetadataUtilities
0x00007fff20e83000 	/usr/lib/libmecabra.dylib
0x00007fff2a17a000 	/System/Library/Frameworks/MLCompute.framework/Versions/A/MLCompute
0x00007fff29e9b000 	/usr/lib/libmecab.dylib
0x00007fff29ee5000 	/usr/lib/libgermantok.dylib
0x00007fff2a8d6000 	/usr/lib/libThaiTokenizer.dylib
0x00007fff2ae9c000 	/usr/lib/libChineseTokenizer.dylib
0x00007fff2a92b000 	/System/Library/Frameworks/MetalPerformanceShaders.framework/Versions/A/MetalPerformanceShaders
0x00007fff264b1000 	/System/Library/Frameworks/Accelerate.framework/Versions/A/Frameworks/vImage.framework/Versions/A/vImage
0x00007fff301de000 	/System/Library/Frameworks/Accelerate.framework/Versions/A/Frameworks/vecLib.framework/Versions/A/vecLib
0x00007fff2aea7000 	/System/Library/Frameworks/Accelerate.framework/Versions/A/Frameworks/vecLib.framework/Versions/A/libvMisc.dylib
0x00007fff29911000 	/System/Library/Frameworks/Accelerate.framework/Versions/A/Frameworks/vecLib.framework/Versions/A/libvDSP.dylib
0x00007fff20b79000 	/System/Library/Frameworks/Accelerate.framework/Versions/A/Frameworks/vecLib.framework/Versions/A/libBLAS.dylib
0x00007fff2a951000 	/System/Library/Frameworks/Accelerate.framework/Versions/A/Frameworks/vecLib.framework/Versions/A/libLAPACK.dylib
0x00007fff29eeb000 	/System/Library/Frameworks/Accelerate.framework/Versions/A/Frameworks/vecLib.framework/Versions/A/libLinearAlgebra.dylib
0x00007fff2a918000 	/System/Library/Frameworks/Accelerate.framework/Versions/A/Frameworks/vecLib.framework/Versions/A/libSparseBLAS.dylib
0x00007fff2a94b000 	/System/Library/Frameworks/Accelerate.framework/Versions/A/Frameworks/vecLib.framework/Versions/A/libQuadrature.dylib
0x00007fff29309000 	/System/Library/Frameworks/Accelerate.framework/Versions/A/Frameworks/vecLib.framework/Versions/A/libBNNS.dylib
0x00007fff20d60000 	/System/Library/Frameworks/Accelerate.framework/Versions/A/Frameworks/vecLib.framework/Versions/A/libSparse.dylib
0x00007fff291f4000 	/System/Library/Frameworks/MetalPerformanceShaders.framework/Versions/A/Frameworks/MPSCore.framework/Versions/A/MPSCore
0x00007fff2a337000 	/System/Library/Frameworks/MetalPerformanceShaders.framework/Versions/A/Frameworks/MPSImage.framework/Versions/A/MPSImage
0x00007fff29f02000 	/System/Library/Frameworks/MetalPerformanceShaders.framework/Versions/A/Frameworks/MPSNeuralNetwork.framework/Versions/A/MPSNeuralNetwork
0x00007fff2a2c2000 	/System/Library/Frameworks/MetalPerformanceShaders.framework/Versions/A/Frameworks/MPSMatrix.framework/Versions/A/MPSMatrix
0x00007fff2a12a000 	/System/Library/Frameworks/MetalPerformanceShaders.framework/Versions/A/Frameworks/MPSRayIntersector.framework/Versions/A/MPSRayIntersector
0x00007fff2a2f9000 	/System/Library/Frameworks/MetalPerformanceShaders.framework/Versions/A/Frameworks/MPSNDArray.framework/Versions/A/MPSNDArray
0x00007fff20aa5000 	/System/Library/PrivateFrameworks/MetalTools.framework/Versions/A/MetalTools
0x00007fff29259000 	/System/Library/PrivateFrameworks/AggregateDictionary.framework/Versions/A/AggregateDictionary
0x00007fff2639a000 	/System/Library/PrivateFrameworks/CoreAnalytics.framework/Versions/A/CoreAnalytics
0x00007fff2a8d8000 	/System/Library/PrivateFrameworks/AppleSauce.framework/Versions/A/AppleSauce
0x00007fff28562000 	/System/Library/PrivateFrameworks/IOAccelerator.framework/Versions/A/IOAccelerator
0x00007fff6cb6f000 	/System/Library/Frameworks/OpenGL.framework/Versions/A/Libraries/libCoreFSCache.dylib
0x00007fff2141f000 	/System/Library/PrivateFrameworks/LanguageModeling.framework/Versions/A/LanguageModeling
0x00007fff29aa2000 	/System/Library/PrivateFrameworks/CoreEmoji.framework/Versions/A/CoreEmoji
0x00007fff29302000 	/System/Library/PrivateFrameworks/LinguisticData.framework/Versions/A/LinguisticData
0x00007fff20d12000 	/System/Library/PrivateFrameworks/Lexicon.framework/Versions/A/Lexicon
0x00007fff2a7ea000 	/usr/lib/libcmph.dylib
0x00007fff27391000 	/System/Library/Frameworks/OpenDirectory.framework/Versions/A/Frameworks/CFOpenDirectory.framework/Versions/A/CFOpenDirectory
0x00007fff27381000 	/System/Library/Frameworks/OpenDirectory.framework/Versions/A/OpenDirectory
0x00007fff2ad66000 	/System/Library/PrivateFrameworks/APFS.framework/Versions/A/APFS
0x00007fff29dc7000 	/System/Library/Frameworks/SecurityFoundation.framework/Versions/A/SecurityFoundation
0x00007fff2ae6f000 	/usr/lib/libutil.dylib
0x00007fff22a2d000 	/System/Library/PrivateFrameworks/CoreServicesStore.framework/Versions/A/CoreServicesStore
0x00007fff29e5e000 	/System/Library/Frameworks/ServiceManagement.framework/Versions/A/ServiceManagement
0x00007fff2ae73000 	/usr/lib/libxslt.1.dylib
0x00007fff29e54000 	/System/Library/PrivateFrameworks/BackgroundTaskManagement.framework/Versions/A/BackgroundTaskManagement
0x00007fff2bfb7000 	/System/Library/Frameworks/ImageIO.framework/Versions/A/Resources/libRadiance.dylib
0x00007fff2bfc0000 	/System/Library/Frameworks/ImageIO.framework/Versions/A/Resources/libJPEG.dylib
0x00007fff2bf0c000 	/System/Library/Frameworks/ImageIO.framework/Versions/A/Resources/libPng.dylib
0x00007fff2bf33000 	/System/Library/Frameworks/ImageIO.framework/Versions/A/Resources/libTIFF.dylib
0x00007fff2c015000 	/System/Library/Frameworks/ImageIO.framework/Versions/A/Resources/libGIF.dylib
0x00007fff2bc70000 	/System/Library/Frameworks/ImageIO.framework/Versions/A/Resources/libJP2.dylib
0x00007fff2b35a000 	/usr/lib/libexpat.1.dylib
0x00007fff2bc25000 	/System/Library/PrivateFrameworks/AppleJPEG.framework/Versions/A/AppleJPEG
0x00007fff28798000 	/System/Library/PrivateFrameworks/FontServices.framework/libFontParser.dylib
0x00007fff26144000 	/System/Library/PrivateFrameworks/RunningBoardServices.framework/Versions/A/RunningBoardServices
0x00007fff2bd4e000 	/System/Library/PrivateFrameworks/WatchdogClient.framework/Versions/A/WatchdogClient
0x00007fff2150c000 	/System/Library/Frameworks/CoreDisplay.framework/Versions/A/CoreDisplay
0x00007fff286ae000 	/System/Library/Frameworks/CoreMedia.framework/Versions/A/CoreMedia
0x00007fff2750e000 	/System/Library/Frameworks/CoreVideo.framework/Versions/A/CoreVideo
0x00007fff2bd86000 	/System/Library/Frameworks/VideoToolbox.framework/Versions/A/VideoToolbox
0x00007fff260c2000 	/System/Library/PrivateFrameworks/BaseBoard.framework/Versions/A/BaseBoard
0x00007fff2b49f000 	/System/Library/PrivateFrameworks/PersistentConnection.framework/Versions/A/PersistentConnection
0x00007fff25e5d000 	/System/Library/PrivateFrameworks/ProtocolBuffer.framework/Versions/A/ProtocolBuffer
0x00007fff260a9000 	/System/Library/PrivateFrameworks/CommonUtilities.framework/Versions/A/CommonUtilities
0x00007fff2bbba000 	/System/Library/PrivateFrameworks/Bom.framework/Versions/A/Bom
0x00007fff2bfb0000 	/System/Library/PrivateFrameworks/GPUWrangler.framework/Versions/A/GPUWrangler
0x00007fff2bf93000 	/System/Library/PrivateFrameworks/IOPresentment.framework/Versions/A/IOPresentment
0x00007fff2bfba000 	/System/Library/PrivateFrameworks/DSExternalDisplay.framework/Versions/A/DSExternalDisplay
0x00007fff2c01a000 	/System/Library/PrivateFrameworks/CMCaptureCore.framework/Versions/A/CMCaptureCore
0x00007fff2b93f000 	/System/Library/PrivateFrameworks/AppServerSupport.framework/Versions/A/AppServerSupport
0x00007fff2d9ee000 	/System/Library/PrivateFrameworks/perfdata.framework/Versions/A/perfdata
0x00007fff29db6000 	/System/Library/PrivateFrameworks/AssertionServices.framework/Versions/A/AssertionServices
0x00007fff21643000 	/System/Library/PrivateFrameworks/AudioToolboxCore.framework/Versions/A/AudioToolboxCore
0x00007fff28691000 	/System/Library/PrivateFrameworks/caulk.framework/Versions/A/caulk
0x00007fff3d699000 	/System/Library/PrivateFrameworks/SystemPolicy.framework/Versions/A/SystemPolicy
0x00007fff2b14f000 	/usr/lib/libIOReport.dylib
0x00007fff2d210000 	/usr/lib/libSMC.dylib
0x00007fff2bed9000 	/usr/lib/libAudioToolboxUtility.dylib
0x00007fff3e003000 	/usr/lib/libmis.dylib
0x00007fff6cbcb000 	/System/Library/Frameworks/OpenGL.framework/Versions/A/Libraries/libGLU.dylib
0x00007fff6cb8e000 	/System/Library/Frameworks/OpenGL.framework/Versions/A/Libraries/libGFXShared.dylib
0x00007fff6cd9d000 	/System/Library/Frameworks/OpenGL.framework/Versions/A/Libraries/libGL.dylib
0x00007fff6cb97000 	/System/Library/Frameworks/OpenGL.framework/Versions/A/Libraries/libGLImage.dylib
0x00007fff6cb8b000 	/System/Library/Frameworks/OpenGL.framework/Versions/A/Libraries/libCVMSPluginSupport.dylib
0x00007fff6cb76000 	/System/Library/Frameworks/OpenGL.framework/Versions/A/Libraries/libCoreVMClient.dylib
0x00007fff6e1de000 	/System/Library/Frameworks/OpenCL.framework/Versions/A/OpenCL
0x00007fff2b4c9000 	/System/Library/PrivateFrameworks/GraphVisualizer.framework/Versions/A/GraphVisualizer
0x00007fff2b4d8000 	/System/Library/PrivateFrameworks/FaceCore.framework/Versions/A/FaceCore
0x00007fff2b8f4000 	/System/Library/PrivateFrameworks/OTSVG.framework/Versions/A/OTSVG
0x00007fff27105000 	/System/Library/Frameworks/ApplicationServices.framework/Versions/A/Frameworks/ATS.framework/Versions/A/Resources/libFontRegistry.dylib
0x00007fff2b946000 	/System/Library/PrivateFrameworks/FontServices.framework/libhvf.dylib
0x00007fff2b306000 	/System/Library/PrivateFrameworks/AppleVA.framework/Versions/A/AppleVA
0x00007fff2d059000 	/System/Library/Frameworks/ApplicationServices.framework/Versions/A/Frameworks/ATS.framework/Versions/A/ATS
0x00007fff2d36b000 	/System/Library/Frameworks/ApplicationServices.framework/Versions/A/Frameworks/ColorSyncLegacy.framework/Versions/A/ColorSyncLegacy
0x00007fff25626000 	/System/Library/Frameworks/ApplicationServices.framework/Versions/A/Frameworks/HIServices.framework/Versions/A/HIServices
0x00007fff2d350000 	/System/Library/Frameworks/ApplicationServices.framework/Versions/A/Frameworks/LangAnalysis.framework/Versions/A/LangAnalysis
0x00007fff2c024000 	/System/Library/Frameworks/ApplicationServices.framework/Versions/A/Frameworks/PrintCore.framework/Versions/A/PrintCore
0x00007fff2d373000 	/System/Library/Frameworks/ApplicationServices.framework/Versions/A/Frameworks/QD.framework/Versions/A/QD
0x00007fff2d049000 	/System/Library/Frameworks/ApplicationServices.framework/Versions/A/Frameworks/SpeechSynthesis.framework/Versions/A/SpeechSynthesis
0x00007fff2bfe5000 	/System/Library/Frameworks/ApplicationServices.framework/Versions/A/Frameworks/ATSUI.framework/Versions/A/ATSUI
0x00007fff2d2f0000 	/usr/lib/libcups.2.dylib
0x00007fff2d360000 	/System/Library/PrivateFrameworks/NetAuth.framework/Versions/A/NetAuth
0x00007fff2da0a000 	/System/Library/Frameworks/Kerberos.framework/Versions/A/Kerberos
0x00007fff2da1a000 	/System/Library/Frameworks/GSS.framework/Versions/A/GSS
0x00007fff2d0c5000 	/usr/lib/libresolv.9.dylib
0x00007fff2b95b000 	/System/Library/PrivateFrameworks/Heimdal.framework/Versions/A/Heimdal
0x00007fff3379e000 	/System/Library/Frameworks/Kerberos.framework/Versions/A/Libraries/libHeimdalProxy.dylib
0x00007fff26215000 	/System/Library/Frameworks/Network.framework/Versions/A/Network
0x00007fff2b374000 	/usr/lib/libheimdal-asn1.dylib
0x00007fff2da6a000 	/System/Library/PrivateFrameworks/CommonAuth.framework/Versions/A/CommonAuth
0x00007fff2755b000 	/System/Library/PrivateFrameworks/login.framework/Versions/A/Frameworks/loginsupport.framework/Versions/A/loginsupport
0x00007fff2cfce000 	/System/Library/PrivateFrameworks/AudioSession.framework/Versions/A/AudioSession
0x00007fff2d036000 	/usr/lib/libAudioStatistics.dylib
0x00007fff2b401000 	/System/Library/PrivateFrameworks/MediaExperience.framework/Versions/A/MediaExperience
0x00007fff2ce6b000 	/System/Library/PrivateFrameworks/AudioSession.framework/libSessionUtility.dylib
0x00007fff2d9fb000 	/usr/lib/libperfcheck.dylib
0x00007fff2d37f000 	/System/Library/PrivateFrameworks/AudioResourceArbitration.framework/Versions/A/AudioResourceArbitration
0x00007fff2b37e000 	/System/Library/PrivateFrameworks/IconFoundation.framework/Versions/A/IconFoundation
0x00007fff2fea8000 	/System/Library/PrivateFrameworks/SpeechRecognitionCore.framework/Versions/A/SpeechRecognitionCore
0x0000000110800000 	/Library/Java/JavaVirtualMachines/jdk1.8.0_281.jdk/Contents/Home/jre/lib/server/libjvm.dylib
0x000000010c4c7000 	/Library/Java/JavaVirtualMachines/jdk1.8.0_281.jdk/Contents/Home/jre/lib/libverify.dylib
0x000000010c4ed000 	/Library/Java/JavaVirtualMachines/jdk1.8.0_281.jdk/Contents/Home/jre/lib/libjava.dylib
0x000000010c566000 	/Library/Java/JavaVirtualMachines/jdk1.8.0_281.jdk/Contents/Home/jre/lib/libinstrument.dylib
0x000000010c60a000 	/Library/Java/JavaVirtualMachines/jdk1.8.0_281.jdk/Contents/Home/jre/lib/libzip.dylib
0x0000000128b07000 	/Library/Java/JavaVirtualMachines/jdk1.8.0_281.jdk/Contents/Home/jre/lib/libnet.dylib
0x0000000128d16000 	/Library/Java/JavaVirtualMachines/jdk1.8.0_281.jdk/Contents/Home/jre/lib/libprism_es2.dylib
0x00007fff229ee000 	/System/Library/PrivateFrameworks/CoreServicesInternal.framework/Versions/A/CoreServicesInternal
0x00007fff6cda8000 	/System/Library/Frameworks/OpenGL.framework/Versions/A/Resources/GLEngine.bundle/GLEngine
0x00007fff6cc08000 	/System/Library/Frameworks/OpenGL.framework/Versions/A/Libraries/libGLProgrammability.dylib
0x0000000128df8000 	/System/Library/Extensions/AppleMetalOpenGLRenderer.bundle/Contents/MacOS/AppleMetalOpenGLRenderer
0x00007fff6cf24000 	/System/Library/Frameworks/OpenGL.framework/Versions/A/Resources/GLRendererFloat.bundle/GLRendererFloat
0x0000000128fcd000 	/System/Library/Extensions/AGXMetal13_3.bundle/Contents/MacOS/AGXMetal13_3
0x00007fff38a61000 	/System/Library/PrivateFrameworks/IOGPU.framework/Versions/A/IOGPU
0x00007fff6a701000 	/System/Library/PrivateFrameworks/GPUCompiler.framework/Versions/31001/Libraries/libmetal_timestamp.dylib
0x000000012a341000 	/Library/Java/JavaVirtualMachines/jdk1.8.0_281.jdk/Contents/Home/jre/lib/libglass.dylib
0x00007fff3138e000 	/System/Library/Frameworks/FileProvider.framework/Versions/A/FileProvider
0x00007fff2602c000 	/System/Library/Frameworks/Accounts.framework/Versions/A/Accounts
0x00007fff314af000 	/System/Library/PrivateFrameworks/GenerationalStorage.framework/Versions/A/GenerationalStorage
0x00007fff31e72000 	/System/Library/PrivateFrameworks/CoreSymbolication.framework/Versions/A/CoreSymbolication
0x00007fff30dad000 	/System/Library/PrivateFrameworks/SymptomDiagnosticReporter.framework/Versions/A/SymptomDiagnosticReporter
0x00007fff2e6b3000 	/System/Library/PrivateFrameworks/AppContainer.framework/Versions/A/AppContainer
0x00007fff23b3a000 	/System/Library/PrivateFrameworks/DesktopServicesPriv.framework/Versions/A/DesktopServicesPriv
0x00007fff22b23000 	/usr/lib/libsandbox.1.dylib
0x00007fff27587000 	/System/Library/PrivateFrameworks/UserManagement.framework/Versions/A/UserManagement
0x00007fff29d93000 	/System/Library/PrivateFrameworks/MobileKeyBag.framework/Versions/A/MobileKeyBag
0x00007fff34808000 	/System/Library/PrivateFrameworks/ChunkingLibrary.framework/Versions/A/ChunkingLibrary
0x00007fff31e35000 	/System/Library/PrivateFrameworks/DebugSymbols.framework/Versions/A/DebugSymbols
0x00007fff2e6c8000 	/System/Library/PrivateFrameworks/SecCodeWrapper.framework/Versions/A/SecCodeWrapper
0x00007fff2b157000 	/System/Library/PrivateFrameworks/CrashReporterSupport.framework/Versions/A/CrashReporterSupport
0x00007fff4858b000 	/System/Library/PrivateFrameworks/OSAnalytics.framework/Versions/A/OSAnalytics
0x00007fff783a3000 	/usr/lib/libRosetta.dylib
0x00007fff331e9000 	/System/Library/PrivateFrameworks/RemoteServiceDiscovery.framework/Versions/A/RemoteServiceDiscovery
0x00007fff52563000 	/System/Library/PrivateFrameworks/Symbolication.framework/Versions/A/Symbolication
0x00007fff331f9000 	/System/Library/PrivateFrameworks/RemoteXPC.framework/Versions/A/RemoteXPC
0x00007fff39704000 	/System/Library/PrivateFrameworks/OSAServicesClient.framework/Versions/A/OSAServicesClient
0x00007fff3dfe2000 	/System/Library/PrivateFrameworks/MallocStackLogging.framework/Versions/A/MallocStackLogging
0x00007fff2e44a000 	/System/Library/PrivateFrameworks/Sharing.framework/Versions/A/Sharing
0x00007fff32dc6000 	/System/Library/PrivateFrameworks/Apple80211.framework/Versions/A/Apple80211
0x00007fff2a419000 	/System/Library/PrivateFrameworks/AuthKit.framework/Versions/A/AuthKit
0x00007fff29b93000 	/System/Library/PrivateFrameworks/CoreUtils.framework/Versions/A/CoreUtils
0x00007fff29ac0000 	/System/Library/Frameworks/CoreWLAN.framework/Versions/A/CoreWLAN
0x00007fff2e592000 	/System/Library/Frameworks/IOBluetooth.framework/Versions/A/IOBluetooth
0x00007fff32e2a000 	/System/Library/PrivateFrameworks/CoreWiFi.framework/Versions/A/CoreWiFi
0x00007fff2daf2000 	/System/Library/PrivateFrameworks/CorePhoneNumbers.framework/Versions/A/CorePhoneNumbers
0x00007fff30eb5000 	/System/Library/PrivateFrameworks/DiskManagement.framework/Versions/A/DiskManagement
0x00007fff30dcb000 	/System/Library/PrivateFrameworks/AppleIDAuthSupport.framework/Versions/A/AppleIDAuthSupport
0x00007fff2dacf000 	/System/Library/PrivateFrameworks/KeychainCircle.framework/Versions/A/KeychainCircle
0x00007fff30e81000 	/System/Library/PrivateFrameworks/MediaKit.framework/Versions/A/MediaKit
0x00007fff30dd8000 	/System/Library/Frameworks/DiscRecording.framework/Versions/A/DiscRecording
0x00007fff2b27a000 	/usr/lib/libCoreStorage.dylib
0x00007fff33264000 	/usr/lib/libcsfde.dylib
0x00007fff2e6cc000 	/System/Library/PrivateFrameworks/ProtectedCloudStorage.framework/Versions/A/ProtectedCloudStorage
0x00007fff3325c000 	/System/Library/PrivateFrameworks/EFILogin.framework/Versions/A/EFILogin
0x00007fff33851000 	/System/Library/Frameworks/AudioUnit.framework/Versions/A/AudioUnit
0x00007fff30d4a000 	/System/Library/Frameworks/CoreBluetooth.framework/Versions/A/CoreBluetooth
0x00007fff2b272000 	/usr/lib/libMatch.1.dylib
0x000000012b936000 	/usr/lib/libobjc-trampolines.dylib
0x00007fff41c0f000 	/System/Library/Frameworks/Accelerate.framework/Versions/A/Frameworks/vImage.framework/Versions/A/Libraries/libCGInterfaces.dylib
0x00007fff27289000 	/System/Library/PrivateFrameworks/ViewBridge.framework/Versions/A/ViewBridge
0x00007fff2ba1c000 	/System/Library/PrivateFrameworks/login.framework/Versions/A/login
0x0000000128f9f000 	/Library/Java/JavaVirtualMachines/jdk1.8.0_281.jdk/Contents/Home/jre/lib/libnio.dylib

VM Arguments:
jvm_args: -javaagent:/Applications/IntelliJ IDEA CE.app/Contents/lib/idea_rt.jar=50282:/Applications/IntelliJ IDEA CE.app/Contents/bin -Dfile.encoding=UTF-8 
java_command: cbyyd_app.App
java_class_path (initial): /Library/Java/JavaVirtualMachines/jdk1.8.0_281.jdk/Contents/Home/jre/lib/charsets.jar:/Library/Java/JavaVirtualMachines/jdk1.8.0_281.jdk/Contents/Home/jre/lib/deploy.jar:/Library/Java/JavaVirtualMachines/jdk1.8.0_281.jdk/Contents/Home/jre/lib/ext/cldrdata.jar:/Library/Java/JavaVirtualMachines/jdk1.8.0_281.jdk/Contents/Home/jre/lib/ext/dnsns.jar:/Library/Java/JavaVirtualMachines/jdk1.8.0_281.jdk/Contents/Home/jre/lib/ext/jaccess.jar:/Library/Java/JavaVirtualMachines/jdk1.8.0_281.jdk/Contents/Home/jre/lib/ext/jfxrt.jar:/Library/Java/JavaVirtualMachines/jdk1.8.0_281.jdk/Contents/Home/jre/lib/ext/localedata.jar:/Library/Java/JavaVirtualMachines/jdk1.8.0_281.jdk/Contents/Home/jre/lib/ext/nashorn.jar:/Library/Java/JavaVirtualMachines/jdk1.8.0_281.jdk/Contents/Home/jre/lib/ext/sunec.jar:/Library/Java/JavaVirtualMachines/jdk1.8.0_281.jdk/Contents/Home/jre/lib/ext/sunjce_provider.jar:/Library/Java/JavaVirtualMachines/jdk1.8.0_281.jdk/Contents/Home/jre/lib/ext/sunpkcs11.jar:/Library/Java/JavaVirtualMachines/jdk1.8.0_281.jdk/Contents/Home/jre/lib/ext/zipfs.jar:/Library/Java/JavaVirtualMachines/jdk1.8.0_281.jdk/Contents/Home/jre/lib/javaws.jar:/Library/Java/JavaVirtualMachines/jdk1.8.0_281.jdk/Contents/Home/jre/lib/jce.jar:/Library/Java/JavaVirtualMachines/jdk1.8.0_281.jdk/Contents/Home/jre/lib/jfr.jar:/Library/Java/JavaVirtualMachines/jdk1.8.0_281.jdk/Contents/Home/jre/lib/jfxswt.jar:/Library/Java/JavaVirtualMachines/jdk1.8.0_281.jdk/Contents/Home/jre/lib/jsse.jar:/Library/Java/JavaVirtualMachines/jdk1.8.0_281.jdk/Contents/Home/jre/lib/management-agent.jar:/Library/Java/JavaVirtualMachines/jdk1.8.0_281.jdk/Contents/Home/jre/lib/plugin.jar:/Library/Java/JavaVirtualMachines/jdk1.8.0_281.jdk/Contents/Home/jre/lib/resources.jar:/Library/Java/JavaVirtualMachines/jdk1.8.0_281.jdk/Contents/Home/jre/lib/rt.jar:/Library/Java/JavaVirtualMachines/jdk1.8.0_281.jdk/Contents/Home/lib/ant-javafx.jar:/Library/Java/JavaVirtualMachines/jdk1.8.0_281.jdk/Contents/Home
Launcher Type: SUN_STANDARD

Environment Variables:
PATH=/opt/homebrew/bin:/opt/homebrew/sbin:/usr/local/bin:/usr/bin:/bin:/usr/sbin:/sbin:/usr/local/share/dotnet:~/.dotnet/tools:/Library/Frameworks/Mono.framework/Versions/Current/Commands:/Applications/Wireshark.app/Contents/MacOS
SHELL=/bin/zsh

Signal Handlers:
SIGSEGV: [libjvm.dylib+0x5a1f9b], sa_mask[0]=11111111111111111111111111111111, sa_flags=SA_ONSTACK|SA_RESTART|SA_SIGINFO
SIGBUS: [libjvm.dylib+0x5a1f9b], sa_mask[0]=11111111111111111111111111111111, sa_flags=SA_RESTART|SA_SIGINFO
SIGFPE: [libjvm.dylib+0x492701], sa_mask[0]=11111111111111111111111111111111, sa_flags=SA_RESTART|SA_SIGINFO
SIGPIPE: [libjvm.dylib+0x492701], sa_mask[0]=11111111111111111111111111111111, sa_flags=SA_RESTART|SA_SIGINFO
SIGXFSZ: [libjvm.dylib+0x492701], sa_mask[0]=11111111111111111111111111111111, sa_flags=SA_RESTART|SA_SIGINFO
SIGILL: [libjvm.dylib+0x492701], sa_mask[0]=11111111111111111111111111111111, sa_flags=SA_RESTART|SA_SIGINFO
SIGUSR1: SIG_DFL, sa_mask[0]=00000000000000000000000000000000, sa_flags=none
SIGUSR2: [libjvm.dylib+0x492ffa], sa_mask[0]=00100000000000000000000000000000, sa_flags=SA_RESTART|SA_SIGINFO
SIGHUP: [libjvm.dylib+0x491209], sa_mask[0]=11111111111111111111111111111111, sa_flags=SA_RESTART|SA_SIGINFO
SIGINT: [libjvm.dylib+0x491209], sa_mask[0]=11111111111111111111111111111111, sa_flags=SA_RESTART|SA_SIGINFO
SIGTERM: [libjvm.dylib+0x491209], sa_mask[0]=11111111111111111111111111111111, sa_flags=SA_RESTART|SA_SIGINFO
SIGQUIT: [libjvm.dylib+0x491209], sa_mask[0]=11111111111111111111111111111111, sa_flags=SA_RESTART|SA_SIGINFO


---------------  S Y S T E M  ---------------

OS:Bsduname:Darwin 20.3.0 Darwin Kernel Version 20.3.0: Thu Jan 21 00:06:51 PST 2021; root:xnu-7195.81.3~1/RELEASE_ARM64_T8101 x86_64
rlimit: STACK 8176k, CORE 0k, NPROC 1333, NOFILE 10240, AS infinity
load average:2.15 2.27 2.10

CPU:total 8 (initial active 8) (1 cores per cpu, 1 threads per core) family 6 model 44 stepping 0, cmov, cx8, fxsr, mmx, sse, sse2, sse3, ssse3, sse4.1, sse4.2, popcnt, aes, clmul, tsc, tscinvbit, tscinv

Memory: 4k page, physical 8388608k(63680k free)

/proc/meminfo:


vm_info: Java HotSpot(TM) 64-Bit Server VM (25.281-b09) for bsd-amd64 JRE (1.8.0_281-b09), built on Dec  9 2020 12:44:49 by "java_re" with gcc 4.2.1 Compatible Apple LLVM 10.0.0 (clang-1000.11.45.5)

time: Mon Apr 26 20:40:23 2021
timezone: EEST
elapsed time: 0.984066 seconds (0d 0h 0m 0s)

